<?xml version="1.0" encoding="UTF-8"?>
<!-- Generated by org.testng.reporters.JUnitReportReporter -->
<testsuite hostname="DESKTOP-71SONBE" failures="0" tests="1" name="testNg.redbus" time="23.768" errors="0" timestamp="20 Sep 2018 15:44:46 GMT">
  <testcase classname="testNg.redbus" name="redbus" time="23.768"/>
</testsuite> <!-- testNg.redbus -->
