<?xml version="1.0" encoding="UTF-8"?>
<!-- Generated by org.testng.reporters.JUnitReportReporter -->
<testsuite hostname="DESKTOP-71SONBE" failures="0" tests="1" name="testNg.screenshot" time="52.615" errors="0" timestamp="3 Oct 2018 06:23:22 GMT">
  <testcase classname="testNg.screenshot" name="TakeScreenShot" time="52.615"/>
</testsuite> <!-- testNg.screenshot -->
