<?xml version="1.0" encoding="UTF-8"?>
<!-- Generated by org.testng.reporters.JUnitReportReporter -->
<testsuite hostname="DESKTOP-71SONBE" failures="0" tests="1" name="dataDrivenFramework.TestDDT" time="37.064" errors="0" timestamp="28 Oct 2018 10:42:47 GMT">
  <testcase classname="dataDrivenFramework.TestDDT" name="TestDataFeed" time="37.064"/>
</testsuite> <!-- dataDrivenFramework.TestDDT -->
