<?xml version="1.0" encoding="UTF-8"?>
<!-- Generated by org.testng.reporters.JUnitReportReporter -->
<testsuite hostname="DESKTOP-71SONBE" failures="0" tests="2" name="testNg.Testng_annotations" time="5.567" errors="0" timestamp="1 Oct 2018 04:49:29 GMT">
  <testcase classname="testNg.Testng_annotations" name="support" time="4.001"/>
  <testcase classname="testNg.Testng_annotations" name="Register" time="1.566"/>
</testsuite> <!-- testNg.Testng_annotations -->
