<?xml version="1.0" encoding="UTF-8"?>
<!-- Generated by org.testng.reporters.JUnitReportReporter -->
<testsuite hostname="DESKTOP-71SONBE" failures="0" tests="1" name="com.wordpress.testcases.verifyfblogin" time="32.623" errors="0" timestamp="8 Oct 2018 05:00:56 GMT">
  <testcase classname="com.wordpress.testcases.verifyfblogin" name="validlogin" time="32.623"/>
</testsuite> <!-- com.wordpress.testcases.verifyfblogin -->
