<?xml version="1.0" encoding="UTF-8"?>
<!-- Generated by org.testng.reporters.JUnitReportReporter -->
<testsuite hostname="DESKTOP-71SONBE" failures="0" tests="4" name="dataDrivenFramework.DDTExcel" time="94.645" errors="0" timestamp="25 Oct 2018 10:21:30 GMT">
  <testcase classname="dataDrivenFramework.DDTExcel" name="Demoproject" time="18.331"/>
  <testcase classname="dataDrivenFramework.DDTExcel" name="Demoproject" time="25.986"/>
  <testcase classname="dataDrivenFramework.DDTExcel" name="Demoproject" time="25.184"/>
  <testcase classname="dataDrivenFramework.DDTExcel" name="Demoproject" time="25.144"/>
</testsuite> <!-- dataDrivenFramework.DDTExcel -->
