<?xml version="1.0" encoding="UTF-8"?>
<!-- Generated by org.testng.reporters.JUnitReportReporter -->
<testsuite hostname="DESKTOP-71SONBE" failures="0" tests="1" name="testNg.messenger" time="18.444" errors="0" timestamp="14 Oct 2018 08:55:02 GMT">
  <testcase classname="testNg.messenger" name="loginmessenger" time="18.444"/>
</testsuite> <!-- testNg.messenger -->
