<?xml version="1.0" encoding="UTF-8"?>
<!-- Generated by org.testng.reporters.JUnitReportReporter -->
<testsuite hostname="DESKTOP-71SONBE" failures="0" tests="1" name="com.wordpress.testcases.testfacebookaccount" time="24.834" errors="0" timestamp="8 Oct 2018 04:15:09 GMT">
  <testcase classname="com.wordpress.testcases.testfacebookaccount" name="verifynewaccount" time="24.834"/>
</testsuite> <!-- com.wordpress.testcases.testfacebookaccount -->
