<?xml version="1.0" encoding="UTF-8"?>
<!-- Generated by org.testng.reporters.JUnitReportReporter -->
<testsuite hostname="DESKTOP-71SONBE" failures="0" tests="2" name="testNg.multibrowser" time="3.077" errors="0" timestamp="28 Sep 2018 05:24:21 GMT">
  <testcase classname="testNg.multibrowser" name="click" time="0.312"/>
  <testcase classname="testNg.multibrowser" name="click" time="2.765"/>
</testsuite> <!-- testNg.multibrowser -->
