<?xml version="1.0" encoding="UTF-8"?>
<!-- Generated by org.testng.reporters.JUnitReportReporter -->
<testsuite hostname="DESKTOP-71SONBE" failures="0" tests="1" name="testNg.headerlinks" time="82.771" errors="0" timestamp="5 Oct 2018 03:58:34 GMT">
  <testcase classname="testNg.headerlinks" name="testheaderlinks" time="82.771"/>
</testsuite> <!-- testNg.headerlinks -->
