<?xml version="1.0" encoding="UTF-8"?>
<!-- Generated by org.testng.reporters.JUnitReportReporter -->
<testsuite hostname="DESKTOP-71SONBE" failures="0" tests="1" name="testNg.Frames" time="23.572" errors="0" timestamp="2 Oct 2018 16:38:06 GMT">
  <testcase classname="testNg.Frames" name="test" time="23.572"/>
</testsuite> <!-- testNg.Frames -->
