<?xml version="1.0" encoding="UTF-8"?>
<!-- Generated by org.testng.reporters.JUnitReportReporter -->
<testsuite hostname="DESKTOP-71SONBE" failures="0" tests="1" name="testNg.test_practice" time="40.630" errors="0" timestamp="5 Oct 2018 06:20:25 GMT">
  <testcase classname="testNg.test_practice" name="beforeTest" time="40.630"/>
</testsuite> <!-- testNg.test_practice -->
