<?xml version="1.0" encoding="UTF-8"?>
<!-- Generated by org.testng.reporters.JUnitReportReporter -->
<testsuite hostname="DESKTOP-71SONBE" failures="0" tests="1" name="testNg.sampleTestngTest" time="0.035" errors="0" timestamp="29 Sep 2018 12:03:29 GMT">
  <testcase classname="testNg.sampleTestngTest" name="verifyHomepage" time="0.035"/>
</testsuite> <!-- testNg.sampleTestngTest -->
