<?xml version="1.0" encoding="UTF-8"?>
<!-- Generated by org.testng.reporters.JUnitReportReporter -->
<testsuite hostname="DESKTOP-71SONBE" failures="0" tests="3" name="testNg.testng_dependency" time="0.021" errors="0" timestamp="1 Oct 2018 04:05:09 GMT">
  <testcase classname="testNg.testng_dependency" name="Start" time="0.017"/>
  <testcase classname="testNg.testng_dependency" name="stop" time="0.002"/>
  <testcase classname="testNg.testng_dependency" name="process" time="0.002"/>
</testsuite> <!-- testNg.testng_dependency -->
