<?xml version="1.0" encoding="UTF-8"?>
<!-- Generated by org.testng.reporters.JUnitReportReporter -->
<testsuite hostname="DESKTOP-71SONBE" failures="0" tests="1" name="testNg.Fb_login" time="16.511" errors="0" timestamp="29 Oct 2018 09:21:38 GMT">
  <testcase classname="testNg.Fb_login" name="click" time="16.511"/>
</testsuite> <!-- testNg.Fb_login -->
