<?xml version="1.0" encoding="UTF-8"?>
<!-- Generated by org.testng.reporters.JUnitReportReporter -->
<testsuite hostname="DESKTOP-71SONBE" failures="0" tests="1" name="testNg.NewTest" time="22.094" errors="0" timestamp="28 Sep 2018 04:55:57 GMT">
  <testcase classname="testNg.NewTest" name="fb" time="22.094"/>
</testsuite> <!-- testNg.NewTest -->
