<?xml version="1.0" encoding="UTF-8"?>
<!-- Generated by org.testng.reporters.JUnitReportReporter -->
<testsuite hostname="DESKTOP-71SONBE" failures="0" tests="1" name="testNg.gmail" time="17.799" errors="0" timestamp="22 Sep 2018 11:51:16 GMT">
  <testcase classname="testNg.gmail" name="gmail" time="17.799"/>
</testsuite> <!-- testNg.gmail -->
