<?xml version="1.0" encoding="UTF-8"?>
<!-- Generated by org.testng.reporters.JUnitReportReporter -->
<testsuite hostname="DESKTOP-71SONBE" failures="0" tests="1" name="testNg.test_tupaki" time="17.296" errors="0" timestamp="21 Sep 2018 04:33:25 GMT">
  <testcase classname="testNg.test_tupaki" name="tupaki" time="17.296"/>
</testsuite> <!-- testNg.test_tupaki -->
